[11.680s] DEBUG:colcon:Command line arguments: ['/usr/bin/colcon', 'build', '--packages-select', 'tcp_test']
[11.681s] DEBUG:colcon:Parsed command line arguments: Namespace(log_base=None, log_level=None, verb_name='build', build_base='build', install_base='install', merge_install=False, symlink_install=False, test_result_base=None, continue_on_error=False, executor='parallel', parallel_workers=4, event_handlers=None, ignore_user_meta=False, metas=['./colcon.meta'], base_paths=['.'], packages_ignore=None, packages_ignore_regex=None, paths=None, packages_up_to=None, packages_up_to_regex=None, packages_above=None, packages_above_and_dependencies=None, packages_above_depth=None, packages_select_by_dep=None, packages_skip_by_dep=None, packages_skip_up_to=None, packages_select_build_failed=False, packages_skip_build_finished=False, packages_select_test_failures=False, packages_skip_test_passed=False, packages_select=['tcp_test'], packages_skip=None, packages_select_regex=None, packages_skip_regex=None, packages_start=None, packages_end=None, allow_overriding=[], cmake_args=None, cmake_target=None, cmake_target_skip_unavailable=False, cmake_clean_cache=False, cmake_clean_first=False, cmake_force_configure=False, ament_cmake_args=None, catkin_cmake_args=None, catkin_skip_building_tests=False, verb_parser=<colcon_defaults.argument_parser.defaults.DefaultArgumentsDecorator object at 0x7fadf1fd1ea0>, verb_extension=<colcon_core.verb.build.BuildVerb object at 0x7fadf27c0130>, main=<bound method BuildVerb.main of <colcon_core.verb.build.BuildVerb object at 0x7fadf27c0130>>)
[13.042s] Level 1:colcon.colcon_core.package_discovery:discover_packages(colcon_meta) check parameters
[13.043s] Level 1:colcon.colcon_core.package_discovery:discover_packages(recursive) check parameters
[13.043s] Level 1:colcon.colcon_core.package_discovery:discover_packages(ignore) check parameters
[13.043s] Level 1:colcon.colcon_core.package_discovery:discover_packages(path) check parameters
[13.043s] Level 1:colcon.colcon_core.package_discovery:discover_packages(colcon_meta) discover
[13.043s] Level 1:colcon.colcon_core.package_discovery:discover_packages(recursive) discover
[13.043s] INFO:colcon.colcon_core.package_discovery:Crawling recursively for packages in '/home/luke/ros2_ws/src/tcp_test'
[13.043s] Level 1:colcon.colcon_core.package_identification:_identify(.) by extensions ['ignore', 'ignore_ament_install']
[13.043s] Level 1:colcon.colcon_core.package_identification:_identify(.) by extension 'ignore'
[13.043s] Level 1:colcon.colcon_core.package_identification:_identify(.) by extension 'ignore_ament_install'
[13.043s] Level 1:colcon.colcon_core.package_identification:_identify(.) by extensions ['colcon_pkg']
[13.043s] Level 1:colcon.colcon_core.package_identification:_identify(.) by extension 'colcon_pkg'
[13.043s] Level 1:colcon.colcon_core.package_identification:_identify(.) by extensions ['colcon_meta']
[13.043s] Level 1:colcon.colcon_core.package_identification:_identify(.) by extension 'colcon_meta'
[13.043s] Level 1:colcon.colcon_core.package_identification:_identify(.) by extensions ['ros']
[13.044s] Level 1:colcon.colcon_core.package_identification:_identify(.) by extension 'ros'
[13.173s] DEBUG:colcon.colcon_core.package_identification:Package '.' with type 'ros.ament_python' and name 'tcp_test'
[13.173s] Level 1:colcon.colcon_core.package_discovery:discover_packages(recursive) using defaults
[13.173s] Level 1:colcon.colcon_core.package_discovery:discover_packages(ignore) discover
[13.173s] Level 1:colcon.colcon_core.package_discovery:discover_packages(ignore) using defaults
[13.173s] Level 1:colcon.colcon_core.package_discovery:discover_packages(path) discover
[13.174s] Level 1:colcon.colcon_core.package_discovery:discover_packages(path) using defaults
[13.441s] Level 1:colcon.colcon_core.package_discovery:discover_packages(prefix_path) check parameters
[13.441s] Level 1:colcon.colcon_core.package_discovery:discover_packages(prefix_path) discover
[13.446s] DEBUG:colcon.colcon_installed_package_information.package_discovery:Found 270 installed packages in /opt/ros/humble
[13.447s] Level 1:colcon.colcon_core.package_discovery:discover_packages(prefix_path) using defaults
[13.520s] Level 5:colcon.colcon_core.verb:set package 'tcp_test' build argument 'cmake_args' from command line to 'None'
[13.521s] Level 5:colcon.colcon_core.verb:set package 'tcp_test' build argument 'cmake_target' from command line to 'None'
[13.521s] Level 5:colcon.colcon_core.verb:set package 'tcp_test' build argument 'cmake_target_skip_unavailable' from command line to 'False'
[13.521s] Level 5:colcon.colcon_core.verb:set package 'tcp_test' build argument 'cmake_clean_cache' from command line to 'False'
[13.521s] Level 5:colcon.colcon_core.verb:set package 'tcp_test' build argument 'cmake_clean_first' from command line to 'False'
[13.521s] Level 5:colcon.colcon_core.verb:set package 'tcp_test' build argument 'cmake_force_configure' from command line to 'False'
[13.521s] Level 5:colcon.colcon_core.verb:set package 'tcp_test' build argument 'ament_cmake_args' from command line to 'None'
[13.521s] Level 5:colcon.colcon_core.verb:set package 'tcp_test' build argument 'catkin_cmake_args' from command line to 'None'
[13.521s] Level 5:colcon.colcon_core.verb:set package 'tcp_test' build argument 'catkin_skip_building_tests' from command line to 'False'
[13.521s] DEBUG:colcon.colcon_core.verb:Building package 'tcp_test' with the following arguments: {'ament_cmake_args': None, 'build_base': '/home/luke/ros2_ws/src/tcp_test/build/tcp_test', 'catkin_cmake_args': None, 'catkin_skip_building_tests': False, 'cmake_args': None, 'cmake_clean_cache': False, 'cmake_clean_first': False, 'cmake_force_configure': False, 'cmake_target': None, 'cmake_target_skip_unavailable': False, 'install_base': '/home/luke/ros2_ws/src/tcp_test/install/tcp_test', 'merge_install': False, 'path': '/home/luke/ros2_ws/src/tcp_test', 'symlink_install': False, 'test_result_base': None}
[13.522s] INFO:colcon.colcon_core.executor:Executing jobs using 'parallel' executor
[13.525s] DEBUG:colcon.colcon_parallel_executor.executor.parallel:run_until_complete
[13.525s] INFO:colcon.colcon_ros.task.ament_python.build:Building ROS package in '/home/luke/ros2_ws/src/tcp_test' with build type 'ament_python'
[13.525s] Level 1:colcon.colcon_core.shell:create_environment_hook('tcp_test', 'ament_prefix_path')
[13.620s] INFO:colcon.colcon_core.plugin_system:Skipping extension 'colcon_core.shell.bat': Not used on non-Windows systems
[13.620s] INFO:colcon.colcon_core.shell:Creating environment hook '/home/luke/ros2_ws/src/tcp_test/install/tcp_test/share/tcp_test/hook/ament_prefix_path.ps1'
[13.621s] INFO:colcon.colcon_core.shell:Creating environment descriptor '/home/luke/ros2_ws/src/tcp_test/install/tcp_test/share/tcp_test/hook/ament_prefix_path.dsv'
[13.630s] INFO:colcon.colcon_core.shell:Creating environment hook '/home/luke/ros2_ws/src/tcp_test/install/tcp_test/share/tcp_test/hook/ament_prefix_path.sh'
[13.656s] INFO:colcon.colcon_core.shell:Skip shell extension 'powershell' for command environment: Not usable outside of PowerShell
[13.656s] DEBUG:colcon.colcon_core.shell:Skip shell extension 'dsv' for command environment
[14.105s] INFO:colcon.colcon_core.task.python.build:Building Python package in '/home/luke/ros2_ws/src/tcp_test'
[14.107s] INFO:colcon.colcon_core.shell:Skip shell extension 'powershell' for command environment: Not usable outside of PowerShell
[14.107s] DEBUG:colcon.colcon_core.shell:Skip shell extension 'dsv' for command environment
[16.430s] DEBUG:colcon.colcon_core.event_handler.log_command:Invoking command in '/home/luke/ros2_ws/src/tcp_test': PYTHONPATH=/home/luke/ros2_ws/src/tcp_test/build/tcp_test/prefix_override:/home/luke/ros2_ws/src/tcp_test/install/tcp_test/lib/python3.10/site-packages:${PYTHONPATH} /usr/bin/python3 setup.py egg_info --egg-base build/tcp_test build --build-base /home/luke/ros2_ws/src/tcp_test/build/tcp_test/build install --record /home/luke/ros2_ws/src/tcp_test/build/tcp_test/install.log --single-version-externally-managed
[16.889s] DEBUG:colcon.colcon_core.event_handler.log_command:Invoked command in '/home/luke/ros2_ws/src/tcp_test' returned '0': PYTHONPATH=/home/luke/ros2_ws/src/tcp_test/build/tcp_test/prefix_override:/home/luke/ros2_ws/src/tcp_test/install/tcp_test/lib/python3.10/site-packages:${PYTHONPATH} /usr/bin/python3 setup.py egg_info --egg-base build/tcp_test build --build-base /home/luke/ros2_ws/src/tcp_test/build/tcp_test/build install --record /home/luke/ros2_ws/src/tcp_test/build/tcp_test/install.log --single-version-externally-managed
[17.057s] Level 1:colcon.colcon_core.environment:checking '/home/luke/ros2_ws/src/tcp_test/install/tcp_test' for CMake module files
[17.057s] Level 1:colcon.colcon_core.environment:checking '/home/luke/ros2_ws/src/tcp_test/install/tcp_test' for CMake config files
[17.058s] Level 1:colcon.colcon_core.environment:checking '/home/luke/ros2_ws/src/tcp_test/install/tcp_test/lib'
[17.058s] Level 1:colcon.colcon_core.environment:checking '/home/luke/ros2_ws/src/tcp_test/install/tcp_test/bin'
[17.058s] Level 1:colcon.colcon_core.environment:checking '/home/luke/ros2_ws/src/tcp_test/install/tcp_test/lib/pkgconfig/tcp_test.pc'
[17.059s] Level 1:colcon.colcon_core.environment:checking '/home/luke/ros2_ws/src/tcp_test/install/tcp_test/lib/python3.10/site-packages'
[17.059s] Level 1:colcon.colcon_core.shell:create_environment_hook('tcp_test', 'pythonpath')
[17.062s] INFO:colcon.colcon_core.shell:Creating environment hook '/home/luke/ros2_ws/src/tcp_test/install/tcp_test/share/tcp_test/hook/pythonpath.ps1'
[17.062s] INFO:colcon.colcon_core.shell:Creating environment descriptor '/home/luke/ros2_ws/src/tcp_test/install/tcp_test/share/tcp_test/hook/pythonpath.dsv'
[17.063s] INFO:colcon.colcon_core.shell:Creating environment hook '/home/luke/ros2_ws/src/tcp_test/install/tcp_test/share/tcp_test/hook/pythonpath.sh'
[17.063s] Level 1:colcon.colcon_core.environment:checking '/home/luke/ros2_ws/src/tcp_test/install/tcp_test/bin'
[17.063s] Level 1:colcon.colcon_core.environment:create_environment_scripts_only(tcp_test)
[17.065s] INFO:colcon.colcon_core.shell:Creating package script '/home/luke/ros2_ws/src/tcp_test/install/tcp_test/share/tcp_test/package.ps1'
[17.067s] INFO:colcon.colcon_core.shell:Creating package descriptor '/home/luke/ros2_ws/src/tcp_test/install/tcp_test/share/tcp_test/package.dsv'
[17.131s] INFO:colcon.colcon_core.shell:Creating package script '/home/luke/ros2_ws/src/tcp_test/install/tcp_test/share/tcp_test/package.sh'
[17.133s] INFO:colcon.colcon_core.shell:Creating package script '/home/luke/ros2_ws/src/tcp_test/install/tcp_test/share/tcp_test/package.bash'
[17.146s] INFO:colcon.colcon_core.shell:Creating package script '/home/luke/ros2_ws/src/tcp_test/install/tcp_test/share/tcp_test/package.zsh'
[17.147s] Level 1:colcon.colcon_core.environment:create_file_with_runtime_dependencies(/home/luke/ros2_ws/src/tcp_test/install/tcp_test/share/colcon-core/packages/tcp_test)
[17.147s] DEBUG:colcon.colcon_parallel_executor.executor.parallel:closing loop
[17.147s] DEBUG:colcon.colcon_parallel_executor.executor.parallel:loop closed
[17.147s] DEBUG:colcon.colcon_parallel_executor.executor.parallel:run_until_complete finished with '0'
[17.147s] DEBUG:colcon.colcon_core.event_reactor:joining thread
[17.205s] INFO:colcon.colcon_core.plugin_system:Skipping extension 'colcon_notification.desktop_notification.terminal_notifier': Not used on non-Darwin systems
[17.206s] INFO:colcon.colcon_core.plugin_system:Skipping extension 'colcon_notification.desktop_notification.win32': Not used on non-Windows systems
[17.206s] INFO:colcon.colcon_notification.desktop_notification:Sending desktop notification using 'notify2'
[17.548s] DEBUG:colcon.colcon_core.event_reactor:joined thread
[17.549s] INFO:colcon.colcon_core.shell:Creating prefix script '/home/luke/ros2_ws/src/tcp_test/install/local_setup.ps1'
[17.551s] INFO:colcon.colcon_core.shell:Creating prefix util module '/home/luke/ros2_ws/src/tcp_test/install/_local_setup_util_ps1.py'
[17.552s] INFO:colcon.colcon_core.shell:Creating prefix chain script '/home/luke/ros2_ws/src/tcp_test/install/setup.ps1'
[17.554s] INFO:colcon.colcon_core.shell:Creating prefix script '/home/luke/ros2_ws/src/tcp_test/install/local_setup.sh'
[17.554s] INFO:colcon.colcon_core.shell:Creating prefix util module '/home/luke/ros2_ws/src/tcp_test/install/_local_setup_util_sh.py'
[17.555s] INFO:colcon.colcon_core.shell:Creating prefix chain script '/home/luke/ros2_ws/src/tcp_test/install/setup.sh'
[17.556s] INFO:colcon.colcon_core.shell:Creating prefix script '/home/luke/ros2_ws/src/tcp_test/install/local_setup.bash'
[17.557s] INFO:colcon.colcon_core.shell:Creating prefix chain script '/home/luke/ros2_ws/src/tcp_test/install/setup.bash'
[17.558s] INFO:colcon.colcon_core.shell:Creating prefix script '/home/luke/ros2_ws/src/tcp_test/install/local_setup.zsh'
[17.558s] INFO:colcon.colcon_core.shell:Creating prefix chain script '/home/luke/ros2_ws/src/tcp_test/install/setup.zsh'
